app/build/intermediates/manifest_merge_blame_file/debug/manifest-merger-blame-debug-report.txt
1<?xml version="1.0" encoding="utf-8"?>
2<manifest xmlns:android="http://schemas.android.com/apk/res/android"
3    package="com.example.compose_testing_07_03"
4    android:versionCode="1"
5    android:versionName="1.0" >
6
7    <uses-sdk
8        android:minSdkVersion="24"
8-->src\main\AndroidManifest.xml
9        android:targetSdkVersion="33" />
9-->src\main\AndroidManifest.xml
10
11    <permission
11-->[androidx.core:core:1.9.0] AndroidManifest.xml:22:5-24:47
12        android:name="com.example.compose_testing_07_03.DYNAMIC_RECEIVER_NOT_EXPORTED_PERMISSION"
12-->[androidx.core:core:1.9.0] AndroidManifest.xml:23:9-81
13        android:protectionLevel="signature" />
13-->[androidx.core:core:1.9.0] AndroidManifest.xml:24:9-44
14
15    <uses-permission android:name="com.example.compose_testing_07_03.DYNAMIC_RECEIVER_NOT_EXPORTED_PERMISSION" />
15-->[androidx.core:core:1.9.0] AndroidManifest.xml:26:5-97
15-->[androidx.core:core:1.9.0] AndroidManifest.xml:26:22-94
16
17    <application
17-->src\main\AndroidManifest.xml:5:5-30:19
18        android:allowBackup="true"
18-->src\main\AndroidManifest.xml:6:9-35
19        android:appComponentFactory="androidx.core.app.CoreComponentFactory"
19-->[androidx.core:core:1.9.0] AndroidManifest.xml:28:18-86
20        android:dataExtractionRules="@xml/data_extraction_rules"
20-->src\main\AndroidManifest.xml:7:9-65
21        android:debuggable="true"
22        android:extractNativeLibs="false"
23        android:fullBackupContent="@xml/backup_rules"
23-->src\main\AndroidManifest.xml:8:9-54
24        android:icon="@mipmap/ic_launcher"
24-->src\main\AndroidManifest.xml:9:9-43
25        android:label="@string/app_name"
25-->src\main\AndroidManifest.xml:10:9-41
26        android:roundIcon="@mipmap/ic_launcher_round"
26-->src\main\AndroidManifest.xml:11:9-54
27        android:supportsRtl="true"
27-->src\main\AndroidManifest.xml:12:9-35
28        android:testOnly="true"
29        android:theme="@style/Theme.Compose_testing_07_03" >
29-->src\main\AndroidManifest.xml:13:9-59
30        <activity
30-->src\main\AndroidManifest.xml:15:9-29:20
31            android:name="com.example.compose_testing_07_03.MainActivity"
31-->src\main\AndroidManifest.xml:16:13-41
32            android:exported="true"
32-->src\main\AndroidManifest.xml:17:13-36
33            android:label="@string/app_name"
33-->src\main\AndroidManifest.xml:18:13-45
34            android:theme="@style/Theme.Compose_testing_07_03" >
34-->src\main\AndroidManifest.xml:19:13-63
35            <intent-filter>
35-->src\main\AndroidManifest.xml:20:13-24:29
36                <action android:name="android.intent.action.MAIN" />
36-->src\main\AndroidManifest.xml:21:17-69
36-->src\main\AndroidManifest.xml:21:25-66
37
38                <category android:name="android.intent.category.LAUNCHER" />
38-->src\main\AndroidManifest.xml:23:17-77
38-->src\main\AndroidManifest.xml:23:27-74
39            </intent-filter>
40
41            <meta-data
41-->src\main\AndroidManifest.xml:26:13-28:36
42                android:name="android.app.lib_name"
42-->src\main\AndroidManifest.xml:27:17-52
43                android:value="" />
43-->src\main\AndroidManifest.xml:28:17-33
44        </activity>
45        <activity
45-->[androidx.compose.ui:ui-tooling:1.3.3] AndroidManifest.xml:23:9-25:39
46            android:name="androidx.compose.ui.tooling.PreviewActivity"
46-->[androidx.compose.ui:ui-tooling:1.3.3] AndroidManifest.xml:24:13-71
47            android:exported="true" />
47-->[androidx.compose.ui:ui-tooling:1.3.3] AndroidManifest.xml:25:13-36
48        <activity
48-->[androidx.compose.ui:ui-test-manifest:1.1.1] AndroidManifest.xml:25:9-27:39
49            android:name="androidx.activity.ComponentActivity"
49-->[androidx.compose.ui:ui-test-manifest:1.1.1] AndroidManifest.xml:26:13-63
50            android:exported="true" />
50-->[androidx.compose.ui:ui-test-manifest:1.1.1] AndroidManifest.xml:27:13-36
51
52        <provider
52-->[androidx.profileinstaller:profileinstaller:1.2.0] AndroidManifest.xml:25:9-33:20
53            android:name="androidx.startup.InitializationProvider"
53-->[androidx.profileinstaller:profileinstaller:1.2.0] AndroidManifest.xml:26:13-67
54            android:authorities="com.example.compose_testing_07_03.androidx-startup"
54-->[androidx.profileinstaller:profileinstaller:1.2.0] AndroidManifest.xml:27:13-68
55            android:exported="false" >
55-->[androidx.profileinstaller:profileinstaller:1.2.0] AndroidManifest.xml:28:13-37
56            <meta-data
56-->[androidx.profileinstaller:profileinstaller:1.2.0] AndroidManifest.xml:30:13-32:52
57                android:name="androidx.profileinstaller.ProfileInstallerInitializer"
57-->[androidx.profileinstaller:profileinstaller:1.2.0] AndroidManifest.xml:31:17-85
58                android:value="androidx.startup" />
58-->[androidx.profileinstaller:profileinstaller:1.2.0] AndroidManifest.xml:32:17-49
59        </provider>
60
61        <receiver
61-->[androidx.profileinstaller:profileinstaller:1.2.0] AndroidManifest.xml:35:9-47:20
62            android:name="androidx.profileinstaller.ProfileInstallReceiver"
62-->[androidx.profileinstaller:profileinstaller:1.2.0] AndroidManifest.xml:36:13-76
63            android:directBootAware="false"
63-->[androidx.profileinstaller:profileinstaller:1.2.0] AndroidManifest.xml:37:13-44
64            android:enabled="true"
64-->[androidx.profileinstaller:profileinstaller:1.2.0] AndroidManifest.xml:38:13-35
65            android:exported="true"
65-->[androidx.profileinstaller:profileinstaller:1.2.0] AndroidManifest.xml:39:13-36
66            android:permission="android.permission.DUMP" >
66-->[androidx.profileinstaller:profileinstaller:1.2.0] AndroidManifest.xml:40:13-57
67            <intent-filter>
67-->[androidx.profileinstaller:profileinstaller:1.2.0] AndroidManifest.xml:41:13-43:29
68                <action android:name="androidx.profileinstaller.action.INSTALL_PROFILE" />
68-->[androidx.profileinstaller:profileinstaller:1.2.0] AndroidManifest.xml:42:17-91
68-->[androidx.profileinstaller:profileinstaller:1.2.0] AndroidManifest.xml:42:25-88
69            </intent-filter>
70            <intent-filter>
70-->[androidx.profileinstaller:profileinstaller:1.2.0] AndroidManifest.xml:44:13-46:29
71                <action android:name="androidx.profileinstaller.action.SKIP_FILE" />
71-->[androidx.profileinstaller:profileinstaller:1.2.0] AndroidManifest.xml:45:17-85
71-->[androidx.profileinstaller:profileinstaller:1.2.0] AndroidManifest.xml:45:25-82
72            </intent-filter>
73        </receiver>
74    </application>
75
76</manifest>